  Tracer.cpp
c:\users\tobbe\desktop\edan35\edan35\tracer2\tracer2\tracer.cpp(119): warning C4244: 'argument': conversion from 'double' to 'GLfloat', possible loss of data
c:\users\tobbe\desktop\edan35\edan35\tracer2\tracer2\tracer.cpp(121): warning C4305: 'argument': truncation from 'double' to 'GLfloat'
c:\users\tobbe\desktop\edan35\edan35\tracer2\tracer2\tracer.cpp(127): warning C4305: 'argument': truncation from 'double' to 'GLfloat'
c:\users\tobbe\desktop\edan35\edan35\tracer2\tracer2\tracer.cpp(133): warning C4305: 'argument': truncation from 'double' to 'GLfloat'
c:\users\tobbe\desktop\edan35\edan35\tracer2\tracer2\tracer.cpp(134): warning C4305: 'argument': truncation from 'double' to 'GLfloat'
c:\users\tobbe\desktop\edan35\edan35\tracer2\tracer2\tracer.cpp(139): warning C4305: 'argument': truncation from 'double' to 'GLfloat'
c:\users\tobbe\desktop\edan35\edan35\tracer2\tracer2\tracer.cpp(144): warning C4305: 'argument': truncation from 'double' to 'GLfloat'
c:\users\tobbe\desktop\edan35\edan35\tracer2\tracer2\tracer.cpp(145): warning C4305: 'argument': truncation from 'double' to 'GLfloat'
c:\users\tobbe\desktop\edan35\edan35\tracer2\tracer2\tracer.cpp(149): warning C4305: 'argument': truncation from 'double' to 'GLfloat'
c:\users\tobbe\desktop\edan35\edan35\tracer2\tracer2\tracer.cpp(150): warning C4305: 'argument': truncation from 'double' to 'GLfloat'
c:\users\tobbe\desktop\edan35\edan35\tracer2\tracer2\tracer.cpp(154): warning C4305: 'argument': truncation from 'double' to 'GLfloat'
c:\users\tobbe\desktop\edan35\edan35\tracer2\tracer2\tracer.cpp(155): warning C4305: 'argument': truncation from 'double' to 'GLfloat'
c:\users\tobbe\desktop\edan35\edan35\tracer2\tracer2\tracer.cpp(159): warning C4305: 'argument': truncation from 'double' to 'GLfloat'
c:\users\tobbe\desktop\edan35\edan35\tracer2\tracer2\tracer.cpp(160): warning C4305: 'argument': truncation from 'double' to 'GLfloat'
c:\users\tobbe\desktop\edan35\edan35\tracer2\tracer2\tracer.cpp(164): warning C4305: 'argument': truncation from 'double' to 'GLfloat'
c:\users\tobbe\desktop\edan35\edan35\tracer2\tracer2\tracer.cpp(165): warning C4305: 'argument': truncation from 'double' to 'GLfloat'
c:\users\tobbe\desktop\edan35\edan35\tracer2\tracer2\tracer.cpp(169): warning C4305: 'argument': truncation from 'double' to 'GLfloat'
  Tracer2.vcxproj -> C:\Users\Tobbe\Desktop\edan35\Edan35\Tracer2\x64\Debug\Tracer2.exe
  Tracer2.vcxproj -> C:\Users\Tobbe\Desktop\edan35\Edan35\Tracer2\x64\Debug\Tracer2.pdb (Full PDB)
