c:\users\tobbe\desktop\edan35\tracer2\tracer2\tracer2\debug\vc140.pdb
c:\users\tobbe\desktop\edan35\tracer2\tracer2\tracer2\debug\vc140.idb
c:\users\tobbe\desktop\edan35\tracer2\tracer2\tracer2\debug\tracer.obj
c:\users\tobbe\desktop\edan35\tracer2\tracer2\tracer2\debug\shader.obj
c:\users\tobbe\desktop\edan35\tracer2\tracer2\debug\tracer2.pdb
c:\users\tobbe\desktop\edan35\tracer2\tracer2\tracer2\debug\tracer2.tlog\cl.command.1.tlog
c:\users\tobbe\desktop\edan35\tracer2\tracer2\tracer2\debug\tracer2.tlog\cl.read.1.tlog
c:\users\tobbe\desktop\edan35\tracer2\tracer2\tracer2\debug\tracer2.tlog\cl.write.1.tlog
c:\users\tobbe\desktop\edan35\tracer2\tracer2\tracer2\debug\tracer2.tlog\link-cvtres.read.1.tlog
c:\users\tobbe\desktop\edan35\tracer2\tracer2\tracer2\debug\tracer2.tlog\link-cvtres.write.1.tlog
c:\users\tobbe\desktop\edan35\tracer2\tracer2\tracer2\debug\tracer2.tlog\link-rc.read.1.tlog
c:\users\tobbe\desktop\edan35\tracer2\tracer2\tracer2\debug\tracer2.tlog\link-rc.write.1.tlog
c:\users\tobbe\desktop\edan35\tracer2\tracer2\tracer2\debug\tracer2.tlog\link.19700-cvtres.read.1.tlog
c:\users\tobbe\desktop\edan35\tracer2\tracer2\tracer2\debug\tracer2.tlog\link.19700-cvtres.write.1.tlog
c:\users\tobbe\desktop\edan35\tracer2\tracer2\tracer2\debug\tracer2.tlog\link.19700-rc.read.1.tlog
c:\users\tobbe\desktop\edan35\tracer2\tracer2\tracer2\debug\tracer2.tlog\link.19700-rc.write.1.tlog
c:\users\tobbe\desktop\edan35\tracer2\tracer2\tracer2\debug\tracer2.tlog\link.19700.read.1.tlog
c:\users\tobbe\desktop\edan35\tracer2\tracer2\tracer2\debug\tracer2.tlog\link.19700.write.1.tlog
c:\users\tobbe\desktop\edan35\tracer2\tracer2\tracer2\debug\tracer2.tlog\link.command.1.tlog
c:\users\tobbe\desktop\edan35\tracer2\tracer2\tracer2\debug\tracer2.tlog\link.read.1.tlog
c:\users\tobbe\desktop\edan35\tracer2\tracer2\tracer2\debug\tracer2.tlog\link.write.1.tlog
